2022-05-16T05:53:56.702Z [INFO] log has started
2022-05-16T05:53:57.120Z [ERROR] Request failed with status code 400
2022-05-16T05:54:31.361Z [INFO] log has started
2022-05-16T05:54:31.652Z [ERROR] Request failed with status code 400
2022-05-16T05:54:31.655Z [INFO] Created new instance of WS
2022-05-16T05:54:31.916Z [INFO] Sent open event
2022-05-16T05:54:50.496Z [INFO] log has started
2022-05-16T05:54:50.787Z [ERROR] Request failed with status code 400
2022-05-16T05:55:17.706Z [INFO] log has started
2022-05-16T05:55:17.997Z [ERROR] Request failed with status code 400
2022-05-16T05:57:21.185Z [INFO] log has started
2022-05-16T05:57:21.479Z [ERROR] Request failed with status code 400
2022-05-16T05:57:26.394Z [INFO] log has started
2022-05-16T05:57:26.692Z [ERROR] Request failed with status code 400
2022-05-16T05:57:38.710Z [INFO] log has started
2022-05-16T05:57:39.017Z [ERROR] Request failed with status code 400
2022-05-16T05:58:00.635Z [INFO] log has started
2022-05-16T05:58:00.944Z [ERROR] Request failed with status code 400
2022-05-16T05:58:04.209Z [INFO] log has started
2022-05-16T05:58:04.528Z [ERROR] Request failed with status code 400
2022-05-16T05:58:32.965Z [INFO] log has started
2022-05-16T05:59:28.250Z [INFO] log has started
2022-05-16T06:01:18.605Z [INFO] log has started
2022-05-16T06:01:58.774Z [INFO] log has started
2022-05-16T06:02:31.600Z [INFO] log has started
2022-05-16T06:02:31.894Z [ERROR] Request failed with status code 502
2022-05-16T06:02:31.895Z [INFO] undefined
2022-05-16T06:02:37.101Z [INFO] log has started
2022-05-16T06:02:37.398Z [ERROR] Request failed with status code 502
2022-05-16T06:02:37.398Z [INFO] undefined
2022-05-16T06:02:50.296Z [INFO] log has started
2022-05-16T06:02:50.581Z [ERROR] Request failed with status code 502
2022-05-16T06:02:56.544Z [INFO] log has started
2022-05-16T06:02:56.850Z [ERROR] Request failed with status code 502
2022-05-16T06:03:03.984Z [INFO] log has started
2022-05-16T06:03:04.285Z [ERROR] Request failed with status code 502
2022-05-16T06:03:04.285Z [INFO] undefined
2022-05-16T06:03:09.217Z [INFO] log has started
2022-05-16T06:03:09.518Z [ERROR] Request failed with status code 502
2022-05-16T06:03:09.518Z [INFO] undefined
2022-05-16T06:03:21.095Z [INFO] log has started
2022-05-16T06:03:21.386Z [ERROR] Request failed with status code 502
2022-05-16T06:03:21.386Z [INFO] undefined
2022-05-16T06:03:25.202Z [INFO] log has started
2022-05-16T06:03:25.498Z [ERROR] Request failed with status code 502
2022-05-16T06:03:25.498Z [INFO] undefined
2022-05-16T06:03:34.224Z [INFO] log has started
2022-05-16T06:03:34.511Z [ERROR] Request failed with status code 502
2022-05-16T06:03:38.936Z [INFO] log has started
2022-05-16T06:03:39.221Z [ERROR] Request failed with status code 502
2022-05-16T06:20:11.884Z [INFO] log has started
2022-05-16T06:20:12.197Z [ERROR] Request failed with status code 502
2022-05-16T06:20:12.200Z [INFO] Created new instance of WS
2022-05-16T10:03:04.104Z [INFO] log has started
2022-05-16T10:03:04.585Z [ERROR] Request failed with status code 400
2022-05-16T10:03:04.586Z [INFO] undefined
2022-05-16T10:03:04.589Z [INFO] Created new instance of WS
2022-05-16T10:03:04.977Z [INFO] Sent an 'open' event
2022-05-16T10:03:04.979Z [INFO] undefined
2022-05-16T10:03:37.944Z [INFO] log has started
2022-05-16T10:03:38.313Z [ERROR] Request failed with status code 400
2022-05-16T10:03:38.313Z [INFO] undefined
2022-05-16T10:03:48.389Z [INFO] log has started
2022-05-16T10:03:48.731Z [ERROR] Request failed with status code 400
2022-05-16T10:03:48.732Z [INFO] undefined
2022-05-16T10:08:54.259Z [INFO] log has started
2022-05-16T10:08:55.310Z [INFO] eyJhbGciOiJIUzI1NiIsInR5cCI6IkpXVCJ9.eyJkYXRhIjoiQXczOHlxSDVLRnpNQWJJQVZjb1YwNlBMQ3NpMWtJNHp2cmN2dGM5cXFlWm5teFNTRTJvQlAxWVRoeERTREZBb1RUMDE0RkRXb2hoYzVSVkJZQU51M3gxd3RKRnJpdWVNMnA1enc0VWFwZzZieDZreE5GTlZxcGVNS3gxNStDM09BUXR1OEtVR05XWkkyUjY4cGtmS045UE5wMU5aQ2l4SGlIaC9ldjk5VTQ3T0xtdmdnVFFxSGlKckgyajVMeXBQeXZsUzU4b2JkRDJ0WmRHMDFLdXZhTG9sa0MzTEFxWnZsanBaNTB5ZkdyZGRwQmY1ZUJ1WFBRYmdGd2N4M21JcVBJNGxBY1VJN0N2SkJCdFh3dGw1VktFR2VqYlBHdFNpWlh3Y3hycTJwWHhIM0RCdkhuWnA3NkcvM25PMGYxcGhINXZxSGJWZlpqdlpHRUlCL05wR29tTzBwMm1CNkFwQjdJcGJ3enltazhpUjVURnJRK0M0MUJoRWhzVkF3NTBqR0t3N3hjazAwVzFQRnVEbExoMjFHdnJOWlpidmsvYzRNQU9CWXJSMGlhYVRGZWZiMXlHQS8rdGtRcWZEdTJOYUo2dmpIN2Z4SkFhVmJxNHdKRWc0V0MzMmtWTFo2UjhQMm1pdU5ISTZPcVArbWxBcEVWUFBXOUpwVXM3VVJGVkciLCJpYXQiOjE2NTI2OTU3MzQsImV4cCI6MTY1Mjc4MjEzNH0.cvikNJ-0tZyzOts6_k4cOA3sy_ED8nLwwviOPS8enhg
2022-05-16T10:09:03.473Z [INFO] log has started
2022-05-16T10:09:04.402Z [INFO] eyJhbGciOiJIUzI1NiIsInR5cCI6IkpXVCJ9.eyJkYXRhIjoiQXczOHlxSDVLRnpNQWJJQVZjb1YwNlBMQ3NpMWtJNHp2cmN2dGM5cXFlWm5teFNTRTJvQlAxWVRoeERTREZBb1RUMDE0RkRXb2hoYzVSVkJZQU51M3gxd3RKRnJpdWVNMnA1enc0VWFwZzZieDZreE5GTlZxcGVNS3gxNStDM09BUXR1OEtVR05XWkkyUjY4cGtmS045UE5wMU5aQ2l4SGlIaC9ldjk5VTQ3T0xtdmdnVFFxSGlKckgyajVMeXBQeXZsUzU4b2JkRDJ0WmRHMDFLdXZhTG9sa0MzTEFxWnZsanBaNTB5ZkdyZGRwQmY1ZUJ1WFBRYmdGd2N4M21JcVBJNGxBY1VJN0N2SkJCdFh3dGw1VktFR2VqYlBHdFNpWlh3Y3hycTJwWHhIM0RCdkhuWnA3NkcvM25PMGYxcGhINXZxSGJWZlpqdlpHRUlCL05wR29tTzBwMm1CNkFwQjdJcGJ3enltazhpUjVURnJRK0M0MUJoRWhzVkF3NTBqR0t3N3hjazAwVzFQRnVEbExoMjFHdnJOWlpidmsvYzRNQU9CWXJSMGlhYVRGZWZiMXlHQS8rdGtRcWZEdTJOYUo2dmpIN2Z4SkFhVmJxNHdKRWc0V0MzMmtWTFo2UjhQMm1pdU5ISTZPcVArbWxBcEVWUFBXOUpwVXM3VVJGVkciLCJpYXQiOjE2NTI2OTU3NDQsImV4cCI6MTY1Mjc4MjE0NH0.lMe-90p8EKbCNtnyDTgqFunX3WMDxyPEl7W4xkIccOM
2022-05-16T10:11:01.837Z [INFO] log has started
2022-05-16T10:11:03.695Z [INFO] eyJhbGciOiJIUzI1NiIsInR5cCI6IkpXVCJ9.eyJkYXRhIjoiQXczOHlxSDVLRnpNQWJJQVZjb1YwNlBMQ3NpMWtJNHp2cmN2dGM5cXFlWm5teFNTRTJvQlAxWVRoeERTREZBb1RUMDE0RkRXb2hoYzVSVkJZQU51M3gxd3RKRnJpdWVNMnA1enc0VWFwZzZieDZreE5GTlZxcGVNS3gxNStDM09BUXR1OEtVR05XWkkyUjY4cGtmS045UE5wMU5aQ2l4SGlIaC9ldjk5VTQ3T0xtdmdnVFFxSGlKckgyajVMeXBQeXZsUzU4b2JkRDJ0WmRHMDFLdXZhTG9sa0MzTEFxWnZsanBaNTB5ZkdyZGRwQmY1ZUJ1WFBRYmdGd2N4M21JcVBJNGxBY1VJN0N2SkJCdFh3dGw1VktFR2VqYlBHdFNpWlh3Y3hycTJwWHhIM0RCdkhuWnA3NkcvM25PMGYxcGhINXZxSGJWZlpqdlpHRUlCL05wR29tTzBwMm1CNkFwQjdJcGJ3enltazhpUjVURnJRK0M0MUJoRWhzVkF3NTBqR0t3N3hjazAwVzFQRnVEbExoMjFHdnJOWlpidmsvYzRNQU9CWXJSMGlhYVRGZWZiMXlHQS8rdGtRcWZEdTJOYUo2dmpIN2Z4SkFhVmJxNHdKRWc0V0MzMmtWTFo2UjhQMm1pdU5ISTZPcVArbWxBcEVWUFBXOUpwVXM3VVJGVkciLCJpYXQiOjE2NTI2OTU4NjMsImV4cCI6MTY1Mjc4MjI2M30.f1es2cPuNZ9TUEK34btJW4Ep_WeXhzfaHGIH0vzv9dw
2022-05-16T10:11:03.697Z [INFO] Created new instance of WS
2022-05-16T10:11:04.051Z [INFO] Sent an 'open' event
2022-05-16T10:12:46.396Z [INFO] log has started
2022-05-16T10:12:47.376Z [INFO] eyJhbGciOiJIUzI1NiIsInR5cCI6IkpXVCJ9.eyJkYXRhIjoiQXczOHlxSDVLRnpNQWJJQVZjb1YwNlBMQ3NpMWtJNHp2cmN2dGM5cXFlWm5teFNTRTJvQlAxWVRoeERTREZBb1RUMDE0RkRXb2hoYzVSVkJZQU51M3gxd3RKRnJpdWVNMnA1enc0VWFwZzZieDZreE5GTlZxcGVNS3gxNStDM09BUXR1OEtVR05XWkkyUjY4cGtmS045UE5wMU5aQ2l4SGlIaC9ldjk5VTQ3T0xtdmdnVFFxSGlKckgyajVMeXBQeXZsUzU4b2JkRDJ0WmRHMDFLdXZhTG9sa0MzTEFxWnZsanBaNTB5ZkdyZGRwQmY1ZUJ1WFBRYmdGd2N4M21JcVBJNGxBY1VJN0N2SkJCdFh3dGw1VktFR2VqYlBHdFNpWlh3Y3hycTJwWHhIM0RCdkhuWnA3NkcvM25PMGYxcGhINXZxSGJWZlpqdlpHRUlCL05wR29tTzBwMm1CNkFwQjdJcGJ3enltazhpUjVURnJRK0M0MUJoRWhzVkF3NTBqR0t3N3hjazAwVzFQRnVEbExoMjFHdnJOWlpidmsvYzRNQU9CWXJSMGlhYVRGZWZiMXlHQS8rdGtRcWZEdTJOYUo2dmpIN2Z4SkFhVmJxNHdKRWc0V0MzMmtWTFo2UjhQMm1pdU5ISTZPcVArbWxBcEVWUFBXOUpwVXM3VVJGVkciLCJpYXQiOjE2NTI2OTU5NjcsImV4cCI6MTY1Mjc4MjM2N30.cGr5Np0GopU51WhpeEN8e10B6KkgHDrcRUlad52_UwI
2022-05-16T10:12:47.378Z [INFO] Created new instance of WS
2022-05-16T10:12:47.634Z [INFO] Sent an 'open' event
2022-05-16T10:12:47.635Z [INFO] WS is Closed::ws.readyState1
2022-05-16T10:13:21.271Z [INFO] log has started
2022-05-16T10:13:24.821Z [INFO] eyJhbGciOiJIUzI1NiIsInR5cCI6IkpXVCJ9.eyJkYXRhIjoiQXczOHlxSDVLRnpNQWJJQVZjb1YwNlBMQ3NpMWtJNHp2cmN2dGM5cXFlWm5teFNTRTJvQlAxWVRoeERTREZBb1RUMDE0RkRXb2hoYzVSVkJZQU51M3gxd3RKRnJpdWVNMnA1enc0VWFwZzZieDZreE5GTlZxcGVNS3gxNStDM09BUXR1OEtVR05XWkkyUjY4cGtmS045UE5wMU5aQ2l4SGlIaC9ldjk5VTQ3T0xtdmdnVFFxSGlKckgyajVMeXBQeXZsUzU4b2JkRDJ0WmRHMDFLdXZhTG9sa0MzTEFxWnZsanBaNTB5ZkdyZGRwQmY1ZUJ1WFBRYmdGd2N4M21JcVBJNGxBY1VJN0N2SkJCdFh3dGw1VktFR2VqYlBHdFNpWlh3Y3hycTJwWHhIM0RCdkhuWnA3NkcvM25PMGYxcGhINXZxSGJWZlpqdlpHRUlCL05wR29tTzBwMm1CNkFwQjdJcGJ3enltazhpUjVURnJRK0M0MUJoRWhzVkF3NTBqR0t3N3hjazAwVzFQRnVEbExoMjFHdnJOWlpidmsvYzRNQU9CWXJSMGlhYVRGZWZiMXlHQS8rdGtRcWZEdTJOYUo2dmpIN2Z4SkFhVmJxNHdKRWc0V0MzMmtWTFo2UjhQMm1pdU5ISTZPcVArbWxBcEVWUFBXOUpwVXM3VVJGVkciLCJpYXQiOjE2NTI2OTYwMDEsImV4cCI6MTY1Mjc4MjQwMX0.UU0Wc2b41_QW47FDq5Dh-hAJzgVAik4fq1Sy4wAw_WI
2022-05-16T10:13:24.823Z [INFO] Created new instance of WS
2022-05-16T10:13:25.081Z [INFO] Sent an 'open' event
2022-05-16T10:13:25.082Z [INFO] WS is Closed::ws.readyState1
2022-05-16T10:13:26.005Z [INFO] [object Object]
2022-05-16T10:13:45.826Z [INFO] log has started
2022-05-16T10:13:46.920Z [INFO] eyJhbGciOiJIUzI1NiIsInR5cCI6IkpXVCJ9.eyJkYXRhIjoiQXczOHlxSDVLRnpNQWJJQVZjb1YwNlBMQ3NpMWtJNHp2cmN2dGM5cXFlWm5teFNTRTJvQlAxWVRoeERTREZBb1RUMDE0RkRXb2hoYzVSVkJZQU51M3gxd3RKRnJpdWVNMnA1enc0VWFwZzZieDZreE5GTlZxcGVNS3gxNStDM09BUXR1OEtVR05XWkkyUjY4cGtmS045UE5wMU5aQ2l4SGlIaC9ldjk5VTQ3T0xtdmdnVFFxSGlKckgyajVMeXBQeXZsUzU4b2JkRDJ0WmRHMDFLdXZhTG9sa0MzTEFxWnZsanBaNTB5ZkdyZGRwQmY1ZUJ1WFBRYmdGd2N4M21JcVBJNGxBY1VJN0N2SkJCdFh3dGw1VktFR2VqYlBHdFNpWlh3Y3hycTJwWHhIM0RCdkhuWnA3NkcvM25PMGYxcGhINXZxSGJWZlpqdlpHRUlCL05wR29tTzBwMm1CNkFwQjdJcGJ3enltazhpUjVURnJRK0M0MUJoRWhzVkF3NTBqR0t3N3hjazAwVzFQRnVEbExoMjFHdnJOWlpidmsvYzRNQU9CWXJSMGlhYVRGZWZiMXlHQS8rdGtRcWZEdTJOYUo2dmpIN2Z4SkFhVmJxNHdKRWc0V0MzMmtWTFo2UjhQMm1pdU5ISTZPcVArbWxBcEVWUFBXOUpwVXM3VVJGVkciLCJpYXQiOjE2NTI2OTYwMjYsImV4cCI6MTY1Mjc4MjQyNn0.CWc8xzXV9c6xHTkTn2_tSG1lN-7sH5nkC2J-7Vui6Hc
2022-05-16T10:13:46.922Z [INFO] Created new instance of WS
2022-05-16T10:13:47.184Z [INFO] Sent an 'open' event
2022-05-16T10:13:47.185Z [INFO] WS is Closed::ws.readyState1
2022-05-16T10:13:48.027Z [INFO] [object Object]
2022-05-16T10:14:03.792Z [INFO] log has started
2022-05-16T10:14:04.795Z [INFO] eyJhbGciOiJIUzI1NiIsInR5cCI6IkpXVCJ9.eyJkYXRhIjoiQXczOHlxSDVLRnpNQWJJQVZjb1YwNlBMQ3NpMWtJNHp2cmN2dGM5cXFlWm5teFNTRTJvQlAxWVRoeERTREZBb1RUMDE0RkRXb2hoYzVSVkJZQU51M3gxd3RKRnJpdWVNMnA1enc0VWFwZzZieDZreE5GTlZxcGVNS3gxNStDM09BUXR1OEtVR05XWkkyUjY4cGtmS045UE5wMU5aQ2l4SGlIaC9ldjk5VTQ3T0xtdmdnVFFxSGlKckgyajVMeXBQeXZsUzU4b2JkRDJ0WmRHMDFLdXZhTG9sa0MzTEFxWnZsanBaNTB5ZkdyZGRwQmY1ZUJ1WFBRYmdGd2N4M21JcVBJNGxBY1VJN0N2SkJCdFh3dGw1VktFR2VqYlBHdFNpWlh3Y3hycTJwWHhIM0RCdkhuWnA3NkcvM25PMGYxcGhINXZxSGJWZlpqdlpHRUlCL05wR29tTzBwMm1CNkFwQjdJcGJ3enltazhpUjVURnJRK0M0MUJoRWhzVkF3NTBqR0t3N3hjazAwVzFQRnVEbExoMjFHdnJOWlpidmsvYzRNQU9CWXJSMGlhYVRGZWZiMXlHQS8rdGtRcWZEdTJOYUo2dmpIN2Z4SkFhVmJxNHdKRWc0V0MzMmtWTFo2UjhQMm1pdU5ISTZPcVArbWxBcEVWUFBXOUpwVXM3VVJGVkciLCJpYXQiOjE2NTI2OTYwNDQsImV4cCI6MTY1Mjc4MjQ0NH0.caqdysLyQYEfup1JjAAaKWBfkExvH6k9mA_0RI0Xohg
2022-05-16T10:14:04.797Z [INFO] Created new instance of WS
2022-05-16T10:14:05.064Z [INFO] Sent an 'open' event
2022-05-16T10:14:05.064Z [INFO] WS is Closed::ws.readyState1
2022-05-16T10:14:51.521Z [INFO] log has started
2022-05-16T10:14:52.469Z [INFO] eyJhbGciOiJIUzI1NiIsInR5cCI6IkpXVCJ9.eyJkYXRhIjoiQXczOHlxSDVLRnpNQWJJQVZjb1YwNlBMQ3NpMWtJNHp2cmN2dGM5cXFlWm5teFNTRTJvQlAxWVRoeERTREZBb1RUMDE0RkRXb2hoYzVSVkJZQU51M3gxd3RKRnJpdWVNMnA1enc0VWFwZzZieDZreE5GTlZxcGVNS3gxNStDM09BUXR1OEtVR05XWkkyUjY4cGtmS045UE5wMU5aQ2l4SGlIaC9ldjk5VTQ3T0xtdmdnVFFxSGlKckgyajVMeXBQeXZsUzU4b2JkRDJ0WmRHMDFLdXZhTG9sa0MzTEFxWnZsanBaNTB5ZkdyZGRwQmY1ZUJ1WFBRYmdGd2N4M21JcVBJNGxBY1VJN0N2SkJCdFh3dGw1VktFR2VqYlBHdFNpWlh3Y3hycTJwWHhIM0RCdkhuWnA3NkcvM25PMGYxcGhINXZxSGJWZlpqdlpHRUlCL05wR29tTzBwMm1CNkFwQjdJcGJ3enltazhpUjVURnJRK0M0MUJoRWhzVkF3NTBqR0t3N3hjazAwVzFQRnVEbExoMjFHdnJOWlpidmsvYzRNQU9CWXJSMGlhYVRGZWZiMXlHQS8rdGtRcWZEdTJOYUo2dmpIN2Z4SkFhVmJxNHdKRWc0V0MzMmtWTFo2UjhQMm1pdU5ISTZPcVArbWxBcEVWUFBXOUpwVXM3VVJGVkciLCJpYXQiOjE2NTI2OTYwOTIsImV4cCI6MTY1Mjc4MjQ5Mn0.hbkv-AwXdFjFZyL9_ajbPkVee2guChXz70kKPhfCpTo
2022-05-16T10:14:52.471Z [INFO] Created new instance of WS
2022-05-16T10:14:52.741Z [INFO] Sent an 'open' event
2022-05-16T10:14:57.261Z [INFO] log has started
2022-05-16T10:14:58.300Z [INFO] eyJhbGciOiJIUzI1NiIsInR5cCI6IkpXVCJ9.eyJkYXRhIjoiQXczOHlxSDVLRnpNQWJJQVZjb1YwNlBMQ3NpMWtJNHp2cmN2dGM5cXFlWm5teFNTRTJvQlAxWVRoeERTREZBb1RUMDE0RkRXb2hoYzVSVkJZQU51M3gxd3RKRnJpdWVNMnA1enc0VWFwZzZieDZreE5GTlZxcGVNS3gxNStDM09BUXR1OEtVR05XWkkyUjY4cGtmS045UE5wMU5aQ2l4SGlIaC9ldjk5VTQ3T0xtdmdnVFFxSGlKckgyajVMeXBQeXZsUzU4b2JkRDJ0WmRHMDFLdXZhTG9sa0MzTEFxWnZsanBaNTB5ZkdyZGRwQmY1ZUJ1WFBRYmdGd2N4M21JcVBJNGxBY1VJN0N2SkJCdFh3dGw1VktFR2VqYlBHdFNpWlh3Y3hycTJwWHhIM0RCdkhuWnA3NkcvM25PMGYxcGhINXZxSGJWZlpqdlpHRUlCL05wR29tTzBwMm1CNkFwQjdJcGJ3enltazhpUjVURnJRK0M0MUJoRWhzVkF3NTBqR0t3N3hjazAwVzFQRnVEbExoMjFHdnJOWlpidmsvYzRNQU9CWXJSMGlhYVRGZWZiMXlHQS8rdGtRcWZEdTJOYUo2dmpIN2Z4SkFhVmJxNHdKRWc0V0MzMmtWTFo2UjhQMm1pdU5ISTZPcVArbWxBcEVWUFBXOUpwVXM3VVJGVkciLCJpYXQiOjE2NTI2OTYwOTcsImV4cCI6MTY1Mjc4MjQ5N30.otyz5ezKYi8lIrLLKWtSUHdmgwL2klJqDFqVE1BBxSs
2022-05-16T10:14:58.302Z [INFO] Created new instance of WS
2022-05-16T10:14:58.553Z [INFO] Sent an 'open' event
2022-05-16T10:15:05.706Z [INFO] log has started
2022-05-16T10:15:06.699Z [INFO] eyJhbGciOiJIUzI1NiIsInR5cCI6IkpXVCJ9.eyJkYXRhIjoiQXczOHlxSDVLRnpNQWJJQVZjb1YwNlBMQ3NpMWtJNHp2cmN2dGM5cXFlWm5teFNTRTJvQlAxWVRoeERTREZBb1RUMDE0RkRXb2hoYzVSVkJZQU51M3gxd3RKRnJpdWVNMnA1enc0VWFwZzZieDZreE5GTlZxcGVNS3gxNStDM09BUXR1OEtVR05XWkkyUjY4cGtmS045UE5wMU5aQ2l4SGlIaC9ldjk5VTQ3T0xtdmdnVFFxSGlKckgyajVMeXBQeXZsUzU4b2JkRDJ0WmRHMDFLdXZhTG9sa0MzTEFxWnZsanBaNTB5ZkdyZGRwQmY1ZUJ1WFBRYmdGd2N4M21JcVBJNGxBY1VJN0N2SkJCdFh3dGw1VktFR2VqYlBHdFNpWlh3Y3hycTJwWHhIM0RCdkhuWnA3NkcvM25PMGYxcGhINXZxSGJWZlpqdlpHRUlCL05wR29tTzBwMm1CNkFwQjdJcGJ3enltazhpUjVURnJRK0M0MUJoRWhzVkF3NTBqR0t3N3hjazAwVzFQRnVEbExoMjFHdnJOWlpidmsvYzRNQU9CWXJSMGlhYVRGZWZiMXlHQS8rdGtRcWZEdTJOYUo2dmpIN2Z4SkFhVmJxNHdKRWc0V0MzMmtWTFo2UjhQMm1pdU5ISTZPcVArbWxBcEVWUFBXOUpwVXM3VVJGVkciLCJpYXQiOjE2NTI2OTYxMDYsImV4cCI6MTY1Mjc4MjUwNn0.Q07260oxUalBCAR9bIFv_aJogvQwyRWfbGanB_qLMkw
2022-05-16T10:15:06.701Z [INFO] Created new instance of WS
2022-05-16T10:15:06.958Z [INFO] Sent an 'open' event
2022-05-16T10:15:06.958Z [INFO] WS is Closed::ws.readyState1
